

<!DOCTYPE html>
<html>
<head>
<meta charset="UTF-8">
<meta name="viewport" content="width=device-width, initial-scale=1, shrink-to-fit=no">
<title>Extent Report</title>
<link rel="apple-touch-icon" href="https://cdn.jsdelivr.net/gh/extent-framework/extent-github-cdn@b00a2d0486596e73dd7326beacf352c639623a0e/commons/img/logo.png">
<link rel="shortcut icon" href="https://cdn.jsdelivr.net/gh/extent-framework/extent-github-cdn@b00a2d0486596e73dd7326beacf352c639623a0e/commons/img/logo.png">
<link href="https://cdn.jsdelivr.net/gh/extent-framework/extent-github-cdn@d6562a79075e061305ccfdb82f01e5e195e2d307/spark/css/spark-style.css" rel="stylesheet" />
<link href="https://stackpath.bootstrapcdn.com/font-awesome/4.7.0/css/font-awesome.min.css" rel="stylesheet">
<script src="https://cdn.jsdelivr.net/gh/extent-framework/extent-github-cdn@7cc78ce/spark/js/jsontree.js"></script>
<style type="text/css"></style></head><body class="spa bdd-report dark">
  <div class="app">
    <div class="layout">
<div class="header navbar">
<div class="vheader">
<div class="nav-logo">
<a href="#">
<div class="logo" style="background-image: url('https://cdn.jsdelivr.net/gh/extent-framework/extent-github-cdn@b00a2d0486596e73dd7326beacf352c639623a0e/commons/img/logo.png')"></div>
</a>
</div>
<ul class="nav-left">
<li class="search-box">
<a class="search-toggle" href="#">
<i class="search-icon fa fa-search"></i>
<i class="search-icon-close fa fa-close"></i>
</a>
</li>
<li class="search-input"><input id="search-tests" class="form-control" type="text" placeholder="Search..."></li>
</ul>
<ul class="nav-right">
<li class="m-r-10">
<a href="#"><span class="badge badge-primary">OrangeHRMLive Report</span></a>
</li>
<li class="m-r-10">
<a href="#"><span class="badge badge-primary">Dec 18, 2023 06:50:09 pm</span></a>
</li>
</ul>
</div>
</div><div class="side-nav">
<div class="side-nav-inner">
<ul class="side-nav-menu">
<li class="nav-item dropdown" onclick="toggleView('dashboard-view')">
<a id="nav-dashboard" class="dropdown-toggle" href="#">
<span class="ico"><i class="fa fa-bar-chart"></i></span>
</a>
</li>
<li class="nav-item dropdown" onclick="toggleView('test-view')">
<a id="nav-test" class="dropdown-toggle" href="#">
<span class="ico"><i class="fa fa-list"></i></span>
</a>
</li>
<li class="nav-item dropdown" onclick="toggleView('category-view')">
<a id="nav-category" class="dropdown-toggle" href="#">
<span class="ico"><i class="fa fa-tag"></i></span>
</a>
</li>
<li class="nav-item dropdown" onclick="toggleView('exception-view')">
<a id="nav-exception" class="dropdown-toggle" href="#">
<span class="ico"><i class="fa fa-bug"></i></span>
</a>
</li>
</ul>
</div>
</div>      <div class="vcontainer">
        <div class="main-content">
<div class="container-fluid p-4 view dashboard-view">
<div class="row">
<div class="col-md-3">
<div class="card"><div class="card-body">
<p class="m-b-0">Started</p>
<h3>Dec 18, 2023 06:50:09 pm</h3>
</div></div>
</div>
<div class="col-md-3">
<div class="card"><div class="card-body">
<p class="m-b-0">Ended</p>
<h3>Dec 18, 2023 06:52:34 pm</h3>
</div></div>
</div>
<div class="col-md-3">
<div class="card"><div class="card-body">
<p class="m-b-0 text-pass">Features Passed</p>
<h3>0</h3>
</div></div>
</div>
<div class="col-md-3">
<div class="card"><div class="card-body">
<p class="m-b-0 text-fail">Features Failed</p>
<h3>2</h3>
</div></div>
</div>
</div>
<div class="row">
<div class="col-md-4">
<div class="card">
<div class="card-header">
<h6 class="card-title">Features</h6>
</div>
<div class="card-body">
<div class="">
<canvas id='parent-analysis' width='115' height='90'></canvas>
</div>
</div>
<div class="card-footer">
<div><small data-tooltip='0%'>
<b>0</b> features passed
</small>
</div>
<div>
<small data-tooltip='100%'><b>2</b> features failed,
<b>0</b> skipped, <b data-tooltip='0%'>0</b> others
</small>
</div>
</div>
</div>
</div>
<div class="col-md-4">
<div class="card">
<div class="card-header">
<h6 class="card-title">Scenarios</h6>
</div>
<div class="card-body">
<div class="">
<canvas id='child-analysis' width='115' height='90'></canvas>
</div>
</div>
<div class="card-footer">
<div><small data-tooltip='14%'><b>1</b> scenarios passed</small></div>
<div>
<small data-tooltip='85%'><b>6</b> scenarios failed,
<b>0</b> skipped, <b data-tooltip='%'>0</b> others
</small>
</div>
</div>
</div>
</div>
<div class="col-md-4">
<div class="card">
<div class="card-header">
<h6 class="card-title">Steps</h6>
</div>
<div class="card-body">
<div class="">
<canvas id='grandchild-analysis' width='115' height='90'></canvas>
</div>
</div>
<div class="card-footer">
<div><small data-tooltip='48%'><b>30</b> steps passed</small></div>
<div>
<small data-tooltip='9%'><b>6</b> steps failed,
<b>26</b> skipped, <b data-tooltip='%'>0</b> others
</small>
</div>
</div>
</div>
</div>
</div>
<div class="row"><div class="col-md-12">
<div class="card"><div class="card-header"><p>Timeline</p></div>
<div class="card-body pt-0"><div>
<canvas id="timeline" height="120"></canvas>
</div></div>
</div>
</div></div>
<script>
var timeline = {
"Login test":17.605,"User test":127.116
};
</script>
<div class="row">
<div class="col-lg-6 col-md-12 category-container">
<div class="card">
<div class="card-header"><p>Tags</p></div>
<div class="card-body pb-0 pt-0"><table class="table table-sm table-bordered">
<thead><tr class="bg-gray"><th>Name</th><th>Passed</th><th>Failed</th><th>Skipped</th><th>Others</th><th>Passed %</th></tr></thead><tbody>
<tr>
<td>@sanity</td>
<td>1</td>
<td>6</td>
<td>0</td>
<td>0</td>
<td>14.286%</td>
</tr>
<tr>
<td>@author_max</td>
<td>0</td>
<td>1</td>
<td>0</td>
<td>0</td>
<td>0%</td>
</tr>
<tr>
<td>@regression</td>
<td>1</td>
<td>6</td>
<td>0</td>
<td>0</td>
<td>14.286%</td>
</tr>
<tr>
<td>@author-Max</td>
<td>1</td>
<td>0</td>
<td>0</td>
<td>0</td>
<td>100%</td>
</tr>
</tbody>
</table></div>
</div>
</div>
<div class="col-lg-6 col-md-12 sysenv-container">
<div class="card">
<div class="card-header"><p>System/Environment</p></div>
<div class="card-body pb-0 pt-0"><table class="table table-sm table-bordered">
<thead><tr class="bg-gray"><th>Name</th><th>Value</th></tr></thead>
<tbody>
<tr>
<td>Engineer</td>
<td>Max</td>
</tr>
<tr>
<td>Project</td>
<td>OrangeHRMLive</td>
</tr>
<tr>
<td>os</td>
<td>Windows</td>
</tr>
</tbody>
</table></div>
</div>
</div>
</div>
</div>
<script>
var statusGroup = {
parentCount: 5,
passParent: 0,
failParent: 2,
warningParent: 0,
skipParent: 0,
childCount: 5,
passChild: 1,
failChild: 6,
warningChild: 0,
skipChild: 0,
infoChild: 0,
grandChildCount: 5,
passGrandChild: 30,
failGrandChild: 6,
warningGrandChild: 0,
skipGrandChild: 26,
infoGrandChild: 0,
eventsCount: 5,
};
</script><div class="test-wrapper row view test-view">
  <div class="test-list">
    <div class="test-list-tools">
<ul class="tools pull-left">
<li><a href="#"><span class="font-size-14">Tests</span></a></li>
</ul>
<ul class="tools text-right">
<li class="dropdown">
<a href="#" class="dropdown-toggle" data-toggle="dropdown"><i class="fa fa-exclamation-circle"></i></a>
<ul id="status-toggle" class="dropdown-menu dropdown-md p-v-0">
<a class="dropdown-item" status="fail" href="#"><span>Fail</span><span class="status danger"></span></a>
<div class="dropdown-divider"></div>
<a status="clear" class="dropdown-item" href="#"><span>Clear</span><span class="pull-right"><i class="fa fa-close"></i></span></a>
</ul>
</li>
<li class="dropdown">
<a href="#" class="dropdown-toggle" data-toggle="dropdown"><i class="fa fa-tag"></i></a>
<ul id="tag-toggle" class="dropdown-menu dropdown-md p-v-0">
<a class="dropdown-item" href="#">@sanity</a><a class="dropdown-item" href="#">@author_max</a><a class="dropdown-item" href="#">@regression</a><a class="dropdown-item" href="#">@author-Max</a>
</ul>
</li>
</ul>
</div>    <div class="test-list-wrapper scrollable">
      <ul class="test-list-item">
        <li class="test-item"  status="fail" test-id="1"
          author=""
          tag=""
          device="">
          <div class="test-detail">
            <p class="name">Login test</p>
            <p class="text-sm">
              <span>18:50:09</span> / <span>00:00:17:605</span>
              <span class="badge fail-bg log float-right">Fail</span>
            </p>
          </div>
          <div class="test-contents d-none">
<div class="detail-head">
<div class="p-v-10">
<div class="info">
<h5 class="test-status text-fail">Login test</h5>
<span class='badge badge-success'>12.18.2023 18:50:09</span>
<span class='badge badge-danger'>12.18.2023 18:50:27</span>
<span class='badge badge-default'>00:00:17:605</span>
&middot; <span class='uri-anchor badge badge-default'>#test-id=1</span>
<span class='badge badge-default pointer float-right ml-1 et'><i class="fa fa-chevron-down"></i></span>
<span class='badge badge-default pointer float-right ct'><i class="fa fa-chevron-up"></i></span>
</div>
<div class="m-t-10 m-l-5"> As a User I am on login Orange HRM website</div>
</div>
</div>
<div class="accordion mt-4">
  <div class="card">
    <div class="card-header" role="tab">
      <div class="card-title">
        <div class="node" id="2"><span class="badge log pass-bg mr-2">Pass</span>User should login successful</div>
      </div>
    </div>
        <div class="collapse">
          <div class="card-body">
              <div class="step pass-bg" title="com.orangehrmlive.demo.steps.LoginSteps.iAmOnLoginPage()">
                <span>Given I am on login page</span>
      <div>
      </div>
              </div>
              <div class="step pass-bg" title="com.orangehrmlive.demo.steps.LoginSteps.enterUsername()">
                <span>When Enter username</span>
      <div>
      </div>
              </div>
              <div class="step pass-bg" title="com.orangehrmlive.demo.steps.LoginSteps.enterPassword()">
                <span>And Enter password</span>
      <div>
      </div>
              </div>
              <div class="step pass-bg" title="com.orangehrmlive.demo.steps.LoginSteps.clickOnLoginButton()">
                <span>And Click on Login Button</span>
      <div>
      </div>
              </div>
              <div class="step pass-bg" title="com.orangehrmlive.demo.steps.LoginSteps.verifyMessage(java.lang.String)">
                <span>Then Verify "Welcome" Message</span>
      <div>
      </div>
              </div>
          </div>
        </div>
  </div>
  <div class="card">
    <div class="card-header" role="tab">
      <div class="card-title">
        <div class="node" id="10"><span class="badge log fail-bg mr-2">Fail</span>Verify logo is displayed on homepage</div>
          <div class="status-avatar float-right mr-4">
            <i class="fa fa-paperclip"></i>
          </div>
      </div>
    </div>
        <div class="">
          <div class="card-body">
              <div class="step pass-bg" title="com.orangehrmlive.demo.steps.LoginSteps.iAmOnLoginPage()">
                <span>When I am on login page</span>
      <div>
      </div>
              </div>
              <div class="step fail-bg" title="com.orangehrmlive.demo.steps.LoginSteps.verifyLogoIsDisplayed()">
                <span>Then Verify Logo is Displayed</span>
      <div>
        <textarea disabled class="code-block">java.lang.ClassCastException: class jdk.proxy2.$Proxy29 cannot be cast to class org.openqa.selenium.By (jdk.proxy2.$Proxy29 is in module jdk.proxy2 of loader 'app'; org.openqa.selenium.By is in unnamed module of loader 'app')
	at com.orangehrmlive.demo.Pages.HomePage.hrmLogo(HomePage.java:57)
	at com.orangehrmlive.demo.steps.LoginSteps.verifyLogoIsDisplayed(LoginSteps.java:38)
	at ✽.Verify Logo is Displayed(file:///C:/Users/rajat/IdeaProjects/orange-hrm-sw-6/src/test/resources/feature/logintest.feature:16)
</textarea>
      
      </div>
              </div>
              <div class="step pass-bg" title="AFTER">
                <span>com.orangehrmlive.demo.steps.Hooks.tearDown(io.cucumber.java.Scenario)</span>
      <div>Verify logo is displayed on homepage
          <div class="row mb-3"><div class="col-md-3">
<img data-featherlight='../screenshots/embedded1.png' src="../screenshots/embedded1.png">
    
    </div></div>
</div>
      <div>
      </div>
              </div>
          </div>
        </div>
  </div>
  <div class="card">
    <div class="card-header" role="tab">
      <div class="card-title">
        <div class="node" id="15"><span class="badge log fail-bg mr-2">Fail</span>User should logout successfully</div>
          <div class="status-avatar float-right mr-4">
            <i class="fa fa-paperclip"></i>
          </div>
      </div>
    </div>
        <div class="">
          <div class="card-body">
              <div class="step pass-bg" title="com.orangehrmlive.demo.steps.LoginSteps.iAmOnLoginPage()">
                <span>Given I am on login page</span>
      <div>
      </div>
              </div>
              <div class="step pass-bg" title="com.orangehrmlive.demo.steps.LoginSteps.enterUsername()">
                <span>When Enter username</span>
      <div>
      </div>
              </div>
              <div class="step pass-bg" title="com.orangehrmlive.demo.steps.LoginSteps.enterPassword()">
                <span>And Enter password</span>
      <div>
      </div>
              </div>
              <div class="step pass-bg" title="com.orangehrmlive.demo.steps.LoginSteps.clickOnLoginButton()">
                <span>And Click on Login Button</span>
      <div>
      </div>
              </div>
              <div class="step pass-bg" title="com.orangehrmlive.demo.steps.LoginSteps.clickOnUserProfileLogo()">
                <span>And Click on User Profile logo</span>
      <div>
      </div>
              </div>
              <div class="step pass-bg" title="com.orangehrmlive.demo.steps.LoginSteps.mouseHoverOnLogoutAndClick()">
                <span>And Mouse hover on Logout and click</span>
      <div>
      </div>
              </div>
              <div class="step fail-bg" title="com.orangehrmlive.demo.steps.LoginSteps.verifyTheTextIsDisplayed(java.lang.String)">
                <span>And Verify the text "Login" is displayed</span>
      <div>
        <textarea disabled class="code-block">java.lang.AssertionError: expected [error message not displayed] but found [Login]
	at org.testng.Assert.fail(Assert.java:111)
	at org.testng.Assert.failNotEquals(Assert.java:1578)
	at org.testng.Assert.assertEqualsImpl(Assert.java:150)
	at org.testng.Assert.assertEquals(Assert.java:132)
	at org.testng.Assert.assertEquals(Assert.java:656)
	at org.testng.Assert.assertEquals(Assert.java:666)
	at com.orangehrmlive.demo.steps.LoginSteps.verifyTheTextIsDisplayed(LoginSteps.java:54)
	at ✽.Verify the text "Login" is displayed(file:///C:/Users/rajat/IdeaProjects/orange-hrm-sw-6/src/test/resources/feature/logintest.feature:26)
</textarea>
      
      </div>
              </div>
              <div class="step pass-bg" title="AFTER">
                <span>com.orangehrmlive.demo.steps.Hooks.tearDown(io.cucumber.java.Scenario)</span>
      <div>User should logout successfully
          <div class="row mb-3"><div class="col-md-3">
<img data-featherlight='../screenshots/embedded2.png' src="../screenshots/embedded2.png">
    
    </div></div>
</div>
      <div>
      </div>
              </div>
          </div>
        </div>
  </div>
</div>
          </div>
        </li>
        <li class="test-item"  status="fail" test-id="25"
          author=""
          tag=""
          device="">
          <div class="test-detail">
            <p class="name">User test</p>
            <p class="text-sm">
              <span>18:50:27</span> / <span>00:02:07:116</span>
              <span class="badge fail-bg log float-right">Fail</span>
            </p>
          </div>
          <div class="test-contents d-none">
<div class="detail-head">
<div class="p-v-10">
<div class="info">
<h5 class="test-status text-fail">User test</h5>
<span class='badge badge-success'>12.18.2023 18:50:27</span>
<span class='badge badge-danger'>12.18.2023 18:52:34</span>
<span class='badge badge-default'>00:02:07:116</span>
&middot; <span class='uri-anchor badge badge-default'>#test-id=25</span>
<span class='badge badge-default pointer float-right ml-1 et'><i class="fa fa-chevron-down"></i></span>
<span class='badge badge-default pointer float-right ct'><i class="fa fa-chevron-up"></i></span>
</div>
<div class="m-t-10 m-l-5"> As a user I want to verify User Page</div>
</div>
</div>
<div class="accordion mt-4">
  <div class="card">
    <div class="card-header" role="tab">
      <div class="card-title">
        <div class="node" id="26"><span class="badge log fail-bg mr-2">Fail</span>adminShouldAddUserSuccessFully</div>
          <div class="status-avatar float-right mr-4">
            <i class="fa fa-paperclip"></i>
          </div>
      </div>
    </div>
        <div class="">
          <div class="card-body">
              <div class="step pass-bg" title="com.orangehrmlive.demo.steps.UserSteps.iAmOnUserPage()">
                <span>Given I am on User page</span>
      <div>
      </div>
              </div>
              <div class="step pass-bg" title="com.orangehrmlive.demo.steps.UserSteps.loginToApplication()">
                <span>When Login to Application</span>
      <div>
      </div>
              </div>
              <div class="step pass-bg" title="com.orangehrmlive.demo.steps.UserSteps.clickOnTab(java.lang.String)">
                <span>Then click On "Admin" Tab</span>
      <div>
      </div>
              </div>
              <div class="step pass-bg" title="com.orangehrmlive.demo.steps.UserSteps.verifyText(java.lang.String)">
                <span>Then Verify "System Users" Text</span>
      <div>
      </div>
              </div>
              <div class="step pass-bg" title="com.orangehrmlive.demo.steps.UserSteps.clickOnButton1(java.lang.String)">
                <span>And click On "Add" button</span>
      <div>
      </div>
              </div>
              <div class="step fail-bg" title="com.orangehrmlive.demo.steps.UserSteps.verifyText(java.lang.String)">
                <span>And Verify "Add User" Text</span>
      <div>
        <textarea disabled class="code-block">org.openqa.selenium.NoSuchElementException: no such element: Unable to locate element: {"method":"xpath","selector":"//h5[@class='oxd-text oxd-text--h5 oxd-table-filter-title']"}
  (Session info: chrome=120.0.6099.72)
For documentation on this error, please visit: https://www.selenium.dev/documentation/webdriver/troubleshooting/errors#no-such-element-exception
Build info: version: '4.16.0', revision: '15400459dd*'
System info: os.name: 'Windows 11', os.arch: 'amd64', os.version: '10.0', java.version: '17.0.8'
Driver info: org.openqa.selenium.chrome.ChromeDriver
Command: [cb2895d415c3387cf0042548dc539ccd, findElement {using=xpath, value=//h5[@class='oxd-text oxd-text--h5 oxd-table-filter-title']}]
Capabilities {acceptInsecureCerts: false, browserName: chrome, browserVersion: 120.0.6099.72, chrome: {chromedriverVersion: 120.0.6099.71 (9729082fe617..., userDataDir: C:\Users\rajat\AppData\Loca...}, fedcm:accounts: true, goog:chromeOptions: {debuggerAddress: localhost:62442}, networkConnectionEnabled: false, pageLoadStrategy: normal, platformName: windows, proxy: Proxy(), se:cdp: ws://localhost:62442/devtoo..., se:cdpVersion: 120.0.6099.72, setWindowRect: true, strictFileInteractability: false, timeouts: {implicit: 0, pageLoad: 300000, script: 30000}, unhandledPromptBehavior: dismiss and notify, webauthn:extension:credBlob: true, webauthn:extension:largeBlob: true, webauthn:extension:minPinLength: true, webauthn:extension:prf: true, webauthn:virtualAuthenticators: true}
Session ID: cb2895d415c3387cf0042548dc539ccd
	at java.base/jdk.internal.reflect.NativeConstructorAccessorImpl.newInstance0(Native Method)
	at java.base/jdk.internal.reflect.NativeConstructorAccessorImpl.newInstance(NativeConstructorAccessorImpl.java:77)
	at java.base/jdk.internal.reflect.DelegatingConstructorAccessorImpl.newInstance(DelegatingConstructorAccessorImpl.java:45)
	at java.base/java.lang.reflect.Constructor.newInstanceWithCaller(Constructor.java:499)
	at java.base/java.lang.reflect.Constructor.newInstance(Constructor.java:480)
	at org.openqa.selenium.remote.codec.w3c.W3CHttpResponseCodec.createException(W3CHttpResponseCodec.java:200)
	at org.openqa.selenium.remote.codec.w3c.W3CHttpResponseCodec.decode(W3CHttpResponseCodec.java:133)
	at org.openqa.selenium.remote.codec.w3c.W3CHttpResponseCodec.decode(W3CHttpResponseCodec.java:52)
	at org.openqa.selenium.remote.HttpCommandExecutor.execute(HttpCommandExecutor.java:191)
	at org.openqa.selenium.remote.service.DriverCommandExecutor.invokeExecute(DriverCommandExecutor.java:200)
	at org.openqa.selenium.remote.service.DriverCommandExecutor.execute(DriverCommandExecutor.java:175)
	at org.openqa.selenium.remote.RemoteWebDriver.execute(RemoteWebDriver.java:523)
	at org.openqa.selenium.remote.ElementLocation$ElementFinder$2.findElement(ElementLocation.java:165)
	at org.openqa.selenium.remote.ElementLocation.findElement(ElementLocation.java:59)
	at org.openqa.selenium.remote.RemoteWebDriver.findElement(RemoteWebDriver.java:360)
	at org.openqa.selenium.remote.RemoteWebDriver.findElement(RemoteWebDriver.java:354)
	at org.openqa.selenium.support.pagefactory.DefaultElementLocator.findElement(DefaultElementLocator.java:68)
	at org.openqa.selenium.support.pagefactory.internal.LocatingElementHandler.invoke(LocatingElementHandler.java:38)
	at jdk.proxy2/jdk.proxy2.$Proxy29.getText(Unknown Source)
	at com.orangehrmlive.demo.utility.Utility.getTextFromElement(Utility.java:63)
	at com.orangehrmlive.demo.Pages.ViewSystemUserPage.verifyTextSystemUser(ViewSystemUserPage.java:23)
	at com.orangehrmlive.demo.steps.UserSteps.verifyText(UserSteps.java:29)
	at ✽.Verify "Add User" Text(file:///C:/Users/rajat/IdeaProjects/orange-hrm-sw-6/src/test/resources/feature/usertest.feature:12)
</textarea>
      
      </div>
              </div>
              <div class="step skip-bg" title="com.orangehrmlive.demo.steps.UserSteps.selectUserRole(java.lang.String)">
                <span>And Select User Role "Admin"</span>
      <div>Step skipped
      </div>
              </div>
              <div class="step skip-bg" title="com.orangehrmlive.demo.steps.UserSteps.enterEmployeeName(java.lang.String)">
                <span>And enter Employee Name "Ananya Dash"</span>
      <div>Step skipped
      </div>
              </div>
              <div class="step skip-bg" title="com.orangehrmlive.demo.steps.UserSteps.enterUsername1()">
                <span>And enter Username</span>
      <div>Step skipped
      </div>
              </div>
              <div class="step skip-bg" title="com.orangehrmlive.demo.steps.UserSteps.selectStatus(java.lang.String)">
                <span>And Select status "Disable"</span>
      <div>Step skipped
      </div>
              </div>
              <div class="step skip-bg" title="com.orangehrmlive.demo.steps.UserSteps.enterPsaaword()">
                <span>And enter psaaword</span>
      <div>Step skipped
      </div>
              </div>
              <div class="step skip-bg" title="com.orangehrmlive.demo.steps.UserSteps.enterConfirmPassword()">
                <span>And enter Confirm Password</span>
      <div>Step skipped
      </div>
              </div>
              <div class="step skip-bg" title="com.orangehrmlive.demo.steps.UserSteps.clickOnButton2(java.lang.String)">
                <span>And click On "Save" Button</span>
      <div>Step skipped
      </div>
              </div>
              <div class="step skip-bg" title="com.orangehrmlive.demo.steps.UserSteps.verifyMessage(java.lang.String)">
                <span>Then verify message "Successfully Saved"</span>
      <div>Step skipped
      </div>
              </div>
              <div class="step pass-bg" title="AFTER">
                <span>com.orangehrmlive.demo.steps.Hooks.tearDown(io.cucumber.java.Scenario)</span>
      <div>adminShouldAddUserSuccessFully
          <div class="row mb-3"><div class="col-md-3">
<img data-featherlight='../screenshots/embedded3.png' src="../screenshots/embedded3.png">
    
    </div></div>
</div>
      <div>
      </div>
              </div>
          </div>
        </div>
  </div>
  <div class="card">
    <div class="card-header" role="tab">
      <div class="card-title">
        <div class="node" id="43"><span class="badge log fail-bg mr-2">Fail</span>searchTheUserCreatedAndVerifyI</div>
          <div class="status-avatar float-right mr-4">
            <i class="fa fa-paperclip"></i>
          </div>
      </div>
    </div>
        <div class="">
          <div class="card-body">
              <div class="step pass-bg" title="com.orangehrmlive.demo.steps.UserSteps.enterUsername()">
                <span>When Enter Username</span>
      <div>
      </div>
              </div>
              <div class="step fail-bg" title="com.orangehrmlive.demo.steps.UserSteps.selectUserRole()">
                <span>And Select User Role</span>
      <div>
        <textarea disabled class="code-block">org.openqa.selenium.NoSuchElementException: no such element: Unable to locate element: {"method":"xpath","selector":"//div[@class='oxd-grid-4 orangehrm-full-width-grid']/div[2]/div/div[2]/div/div/div[2]/i"}
  (Session info: chrome=120.0.6099.72)
For documentation on this error, please visit: https://www.selenium.dev/documentation/webdriver/troubleshooting/errors#no-such-element-exception
Build info: version: '4.16.0', revision: '15400459dd*'
System info: os.name: 'Windows 11', os.arch: 'amd64', os.version: '10.0', java.version: '17.0.8'
Driver info: org.openqa.selenium.chrome.ChromeDriver
Command: [9e9dc3efd7712c7bb1e4d1a6ca154ea8, findElement {using=xpath, value=//div[@class='oxd-grid-4 orangehrm-full-width-grid']/div[2]/div/div[2]/div/div/div[2]/i}]
Capabilities {acceptInsecureCerts: false, browserName: chrome, browserVersion: 120.0.6099.72, chrome: {chromedriverVersion: 120.0.6099.71 (9729082fe617..., userDataDir: C:\Users\rajat\AppData\Loca...}, fedcm:accounts: true, goog:chromeOptions: {debuggerAddress: localhost:62474}, networkConnectionEnabled: false, pageLoadStrategy: normal, platformName: windows, proxy: Proxy(), se:cdp: ws://localhost:62474/devtoo..., se:cdpVersion: 120.0.6099.72, setWindowRect: true, strictFileInteractability: false, timeouts: {implicit: 0, pageLoad: 300000, script: 30000}, unhandledPromptBehavior: dismiss and notify, webauthn:extension:credBlob: true, webauthn:extension:largeBlob: true, webauthn:extension:minPinLength: true, webauthn:extension:prf: true, webauthn:virtualAuthenticators: true}
Session ID: 9e9dc3efd7712c7bb1e4d1a6ca154ea8
	at java.base/jdk.internal.reflect.NativeConstructorAccessorImpl.newInstance0(Native Method)
	at java.base/jdk.internal.reflect.NativeConstructorAccessorImpl.newInstance(NativeConstructorAccessorImpl.java:77)
	at java.base/jdk.internal.reflect.DelegatingConstructorAccessorImpl.newInstance(DelegatingConstructorAccessorImpl.java:45)
	at java.base/java.lang.reflect.Constructor.newInstanceWithCaller(Constructor.java:499)
	at java.base/java.lang.reflect.Constructor.newInstance(Constructor.java:480)
	at org.openqa.selenium.remote.codec.w3c.W3CHttpResponseCodec.createException(W3CHttpResponseCodec.java:200)
	at org.openqa.selenium.remote.codec.w3c.W3CHttpResponseCodec.decode(W3CHttpResponseCodec.java:133)
	at org.openqa.selenium.remote.codec.w3c.W3CHttpResponseCodec.decode(W3CHttpResponseCodec.java:52)
	at org.openqa.selenium.remote.HttpCommandExecutor.execute(HttpCommandExecutor.java:191)
	at org.openqa.selenium.remote.service.DriverCommandExecutor.invokeExecute(DriverCommandExecutor.java:200)
	at org.openqa.selenium.remote.service.DriverCommandExecutor.execute(DriverCommandExecutor.java:175)
	at org.openqa.selenium.remote.RemoteWebDriver.execute(RemoteWebDriver.java:523)
	at org.openqa.selenium.remote.ElementLocation$ElementFinder$2.findElement(ElementLocation.java:165)
	at org.openqa.selenium.remote.ElementLocation.findElement(ElementLocation.java:59)
	at org.openqa.selenium.remote.RemoteWebDriver.findElement(RemoteWebDriver.java:360)
	at org.openqa.selenium.remote.RemoteWebDriver.findElement(RemoteWebDriver.java:354)
	at org.openqa.selenium.support.pagefactory.DefaultElementLocator.findElement(DefaultElementLocator.java:68)
	at org.openqa.selenium.support.pagefactory.internal.LocatingElementHandler.invoke(LocatingElementHandler.java:38)
	at jdk.proxy2/jdk.proxy2.$Proxy29.getTagName(Unknown Source)
	at org.openqa.selenium.support.ui.Select.<init>(Select.java:43)
	at com.orangehrmlive.demo.utility.Utility.selectByVisibleTextFromDropDown(Utility.java:147)
	at com.orangehrmlive.demo.Pages.AddUserPage.setUserRoleSelect(AddUserPage.java:101)
	at com.orangehrmlive.demo.steps.UserSteps.selectUserRole(UserSteps.java:84)
	at ✽.Select User Role(file:///C:/Users/rajat/IdeaProjects/orange-hrm-sw-6/src/test/resources/feature/usertest.feature:25)
</textarea>
      
      </div>
              </div>
              <div class="step skip-bg" title="com.orangehrmlive.demo.steps.UserSteps.selectSatatus()">
                <span>And Select Satatus</span>
      <div>Step skipped
      </div>
              </div>
              <div class="step skip-bg" title="com.orangehrmlive.demo.steps.UserSteps.clickOnButton(java.lang.String)">
                <span>And Click on "Search" Button</span>
      <div>Step skipped
      </div>
              </div>
              <div class="step skip-bg" title="com.orangehrmlive.demo.steps.UserSteps.verifyTheUserShouldBeInResultList()">
                <span>And Verify the User should be in Result list.</span>
      <div>Step skipped
      </div>
              </div>
              <div class="step pass-bg" title="AFTER">
                <span>com.orangehrmlive.demo.steps.Hooks.tearDown(io.cucumber.java.Scenario)</span>
      <div>searchTheUserCreatedAndVerifyI
          <div class="row mb-3"><div class="col-md-3">
<img data-featherlight='../screenshots/embedded4.png' src="../screenshots/embedded4.png">
    
    </div></div>
</div>
      <div>
      </div>
              </div>
          </div>
        </div>
  </div>
  <div class="card">
    <div class="card-header" role="tab">
      <div class="card-title">
        <div class="node" id="51"><span class="badge log fail-bg mr-2">Fail</span>verifyThatAdminShouldDeleteTheUserSuccessFully</div>
          <div class="status-avatar float-right mr-4">
            <i class="fa fa-paperclip"></i>
          </div>
      </div>
    </div>
        <div class="">
          <div class="card-body">
              <div class="step pass-bg" title="com.orangehrmlive.demo.steps.UserSteps.loginToApplication()">
                <span>When Login to Application</span>
      <div>
      </div>
              </div>
              <div class="step pass-bg" title="com.orangehrmlive.demo.steps.UserSteps.clickOnTab(java.lang.String)">
                <span>Then click On "Admin" Tab</span>
      <div>
      </div>
              </div>
              <div class="step pass-bg" title="com.orangehrmlive.demo.steps.UserSteps.verifyText(java.lang.String)">
                <span>Then Verify "System Users" Text</span>
      <div>
      </div>
              </div>
              <div class="step fail-bg" title="com.orangehrmlive.demo.steps.UserSteps.enterUsername()">
                <span>And Enter Username</span>
      <div>
        <textarea disabled class="code-block">org.openqa.selenium.NoSuchElementException: no such element: Unable to locate element: {"method":"xpath","selector":"//input[@class='oxd-input oxd-input--focus']"}
  (Session info: chrome=120.0.6099.72)
For documentation on this error, please visit: https://www.selenium.dev/documentation/webdriver/troubleshooting/errors#no-such-element-exception
Build info: version: '4.16.0', revision: '15400459dd*'
System info: os.name: 'Windows 11', os.arch: 'amd64', os.version: '10.0', java.version: '17.0.8'
Driver info: org.openqa.selenium.chrome.ChromeDriver
Command: [f9562ea912be15263060be6cf22e0422, findElement {using=xpath, value=//input[@class='oxd-input oxd-input--focus']}]
Capabilities {acceptInsecureCerts: false, browserName: chrome, browserVersion: 120.0.6099.72, chrome: {chromedriverVersion: 120.0.6099.71 (9729082fe617..., userDataDir: C:\Users\rajat\AppData\Loca...}, fedcm:accounts: true, goog:chromeOptions: {debuggerAddress: localhost:62497}, networkConnectionEnabled: false, pageLoadStrategy: normal, platformName: windows, proxy: Proxy(), se:cdp: ws://localhost:62497/devtoo..., se:cdpVersion: 120.0.6099.72, setWindowRect: true, strictFileInteractability: false, timeouts: {implicit: 0, pageLoad: 300000, script: 30000}, unhandledPromptBehavior: dismiss and notify, webauthn:extension:credBlob: true, webauthn:extension:largeBlob: true, webauthn:extension:minPinLength: true, webauthn:extension:prf: true, webauthn:virtualAuthenticators: true}
Session ID: f9562ea912be15263060be6cf22e0422
	at java.base/jdk.internal.reflect.NativeConstructorAccessorImpl.newInstance0(Native Method)
	at java.base/jdk.internal.reflect.NativeConstructorAccessorImpl.newInstance(NativeConstructorAccessorImpl.java:77)
	at java.base/jdk.internal.reflect.DelegatingConstructorAccessorImpl.newInstance(DelegatingConstructorAccessorImpl.java:45)
	at java.base/java.lang.reflect.Constructor.newInstanceWithCaller(Constructor.java:499)
	at java.base/java.lang.reflect.Constructor.newInstance(Constructor.java:480)
	at org.openqa.selenium.remote.codec.w3c.W3CHttpResponseCodec.createException(W3CHttpResponseCodec.java:200)
	at org.openqa.selenium.remote.codec.w3c.W3CHttpResponseCodec.decode(W3CHttpResponseCodec.java:133)
	at org.openqa.selenium.remote.codec.w3c.W3CHttpResponseCodec.decode(W3CHttpResponseCodec.java:52)
	at org.openqa.selenium.remote.HttpCommandExecutor.execute(HttpCommandExecutor.java:191)
	at org.openqa.selenium.remote.service.DriverCommandExecutor.invokeExecute(DriverCommandExecutor.java:200)
	at org.openqa.selenium.remote.service.DriverCommandExecutor.execute(DriverCommandExecutor.java:175)
	at org.openqa.selenium.remote.RemoteWebDriver.execute(RemoteWebDriver.java:523)
	at org.openqa.selenium.remote.ElementLocation$ElementFinder$2.findElement(ElementLocation.java:165)
	at org.openqa.selenium.remote.ElementLocation.findElement(ElementLocation.java:59)
	at org.openqa.selenium.remote.RemoteWebDriver.findElement(RemoteWebDriver.java:360)
	at org.openqa.selenium.remote.RemoteWebDriver.findElement(RemoteWebDriver.java:354)
	at org.openqa.selenium.support.pagefactory.DefaultElementLocator.findElement(DefaultElementLocator.java:68)
	at org.openqa.selenium.support.pagefactory.internal.LocatingElementHandler.invoke(LocatingElementHandler.java:38)
	at jdk.proxy2/jdk.proxy2.$Proxy29.sendKeys(Unknown Source)
	at com.orangehrmlive.demo.utility.Utility.sendTextToElement(Utility.java:74)
	at com.orangehrmlive.demo.Pages.AddUserPage.setEnterTheUserName(AddUserPage.java:81)
	at com.orangehrmlive.demo.steps.UserSteps.enterUsername(UserSteps.java:79)
	at ✽.Enter Username(file:///C:/Users/rajat/IdeaProjects/orange-hrm-sw-6/src/test/resources/feature/usertest.feature:35)
</textarea>
      
      </div>
              </div>
              <div class="step skip-bg" title="com.orangehrmlive.demo.steps.UserSteps.selectUserRole()">
                <span>And Select User Role</span>
      <div>Step skipped
      </div>
              </div>
              <div class="step skip-bg" title="com.orangehrmlive.demo.steps.UserSteps.selectSatatus()">
                <span>And Select Satatus</span>
      <div>Step skipped
      </div>
              </div>
              <div class="step skip-bg" title="com.orangehrmlive.demo.steps.UserSteps.clickOnButton(java.lang.String)">
                <span>And Click on "Search" Button</span>
      <div>Step skipped
      </div>
              </div>
              <div class="step skip-bg" title="com.orangehrmlive.demo.steps.UserSteps.verifyTheUserShouldBeInResultList()">
                <span>And Verify the User should be in Result list.</span>
      <div>Step skipped
      </div>
              </div>
              <div class="step skip-bg" title="com.orangehrmlive.demo.steps.UserSteps.clickOnCheckBox()">
                <span>And Click on Check box</span>
      <div>Step skipped
      </div>
              </div>
              <div class="step skip-bg" title="com.orangehrmlive.demo.steps.UserSteps.clickOnDeleteButton()">
                <span>And Click on Delete Button</span>
      <div>Step skipped
      </div>
              </div>
              <div class="step skip-bg" title="com.orangehrmlive.demo.steps.UserSteps.popupWillDisplay()">
                <span>And Popup will display</span>
      <div>Step skipped
      </div>
              </div>
              <div class="step skip-bg" title="com.orangehrmlive.demo.steps.UserSteps.clickOnOkButtonOnPopup()">
                <span>And Click on Ok Button on Popup</span>
      <div>Step skipped
      </div>
              </div>
              <div class="step skip-bg" title="com.orangehrmlive.demo.steps.UserSteps.verifyMessage(java.lang.String)">
                <span>Then verify message "Successfully Deleted"</span>
      <div>Step skipped
      </div>
              </div>
              <div class="step pass-bg" title="AFTER">
                <span>com.orangehrmlive.demo.steps.Hooks.tearDown(io.cucumber.java.Scenario)</span>
      <div>verifyThatAdminShouldDeleteTheUserSuccessFully
          <div class="row mb-3"><div class="col-md-3">
<img data-featherlight='../screenshots/embedded5.png' src="../screenshots/embedded5.png">
    
    </div></div>
</div>
      <div>
      </div>
              </div>
          </div>
        </div>
  </div>
  <div class="card">
    <div class="card-header" role="tab">
      <div class="card-title">
        <div class="node" id="67"><span class="badge log fail-bg mr-2">Fail</span>searchTheUserAndVerifyTheMessageRecordFound</div>
          <div class="status-avatar float-right mr-4">
            <i class="fa fa-paperclip"></i>
          </div>
      </div>
    </div>
        <div class="">
          <div class="card-body">
              <div class="step pass-bg" title="com.orangehrmlive.demo.steps.UserSteps.loginToApplication()">
                <span>When Login to Application</span>
      <div>
      </div>
              </div>
              <div class="step pass-bg" title="com.orangehrmlive.demo.steps.UserSteps.clickOnTab(java.lang.String)">
                <span>Then click On "Admin" Tab</span>
      <div>
      </div>
              </div>
              <div class="step pass-bg" title="com.orangehrmlive.demo.steps.UserSteps.verifyText(java.lang.String)">
                <span>And Verify "System Users" Text</span>
      <div>
      </div>
              </div>
              <div class="step fail-bg" title="com.orangehrmlive.demo.steps.UserSteps.enterUsernameUsername()">
                <span>And Enter Username <username></span>
      <div>
        <textarea disabled class="code-block">org.openqa.selenium.NoSuchElementException: no such element: Unable to locate element: {"method":"xpath","selector":"//input[@class='oxd-input oxd-input--focus']"}
  (Session info: chrome=120.0.6099.72)
For documentation on this error, please visit: https://www.selenium.dev/documentation/webdriver/troubleshooting/errors#no-such-element-exception
Build info: version: '4.16.0', revision: '15400459dd*'
System info: os.name: 'Windows 11', os.arch: 'amd64', os.version: '10.0', java.version: '17.0.8'
Driver info: org.openqa.selenium.chrome.ChromeDriver
Command: [d45bf97faf19cdb98526aadf399113ee, findElement {using=xpath, value=//input[@class='oxd-input oxd-input--focus']}]
Capabilities {acceptInsecureCerts: false, browserName: chrome, browserVersion: 120.0.6099.72, chrome: {chromedriverVersion: 120.0.6099.71 (9729082fe617..., userDataDir: C:\Users\rajat\AppData\Loca...}, fedcm:accounts: true, goog:chromeOptions: {debuggerAddress: localhost:62520}, networkConnectionEnabled: false, pageLoadStrategy: normal, platformName: windows, proxy: Proxy(), se:cdp: ws://localhost:62520/devtoo..., se:cdpVersion: 120.0.6099.72, setWindowRect: true, strictFileInteractability: false, timeouts: {implicit: 0, pageLoad: 300000, script: 30000}, unhandledPromptBehavior: dismiss and notify, webauthn:extension:credBlob: true, webauthn:extension:largeBlob: true, webauthn:extension:minPinLength: true, webauthn:extension:prf: true, webauthn:virtualAuthenticators: true}
Session ID: d45bf97faf19cdb98526aadf399113ee
	at java.base/jdk.internal.reflect.NativeConstructorAccessorImpl.newInstance0(Native Method)
	at java.base/jdk.internal.reflect.NativeConstructorAccessorImpl.newInstance(NativeConstructorAccessorImpl.java:77)
	at java.base/jdk.internal.reflect.DelegatingConstructorAccessorImpl.newInstance(DelegatingConstructorAccessorImpl.java:45)
	at java.base/java.lang.reflect.Constructor.newInstanceWithCaller(Constructor.java:499)
	at java.base/java.lang.reflect.Constructor.newInstance(Constructor.java:480)
	at org.openqa.selenium.remote.codec.w3c.W3CHttpResponseCodec.createException(W3CHttpResponseCodec.java:200)
	at org.openqa.selenium.remote.codec.w3c.W3CHttpResponseCodec.decode(W3CHttpResponseCodec.java:133)
	at org.openqa.selenium.remote.codec.w3c.W3CHttpResponseCodec.decode(W3CHttpResponseCodec.java:52)
	at org.openqa.selenium.remote.HttpCommandExecutor.execute(HttpCommandExecutor.java:191)
	at org.openqa.selenium.remote.service.DriverCommandExecutor.invokeExecute(DriverCommandExecutor.java:200)
	at org.openqa.selenium.remote.service.DriverCommandExecutor.execute(DriverCommandExecutor.java:175)
	at org.openqa.selenium.remote.RemoteWebDriver.execute(RemoteWebDriver.java:523)
	at org.openqa.selenium.remote.ElementLocation$ElementFinder$2.findElement(ElementLocation.java:165)
	at org.openqa.selenium.remote.ElementLocation.findElement(ElementLocation.java:59)
	at org.openqa.selenium.remote.RemoteWebDriver.findElement(RemoteWebDriver.java:360)
	at org.openqa.selenium.remote.RemoteWebDriver.findElement(RemoteWebDriver.java:354)
	at org.openqa.selenium.support.pagefactory.DefaultElementLocator.findElement(DefaultElementLocator.java:68)
	at org.openqa.selenium.support.pagefactory.internal.LocatingElementHandler.invoke(LocatingElementHandler.java:38)
	at jdk.proxy2/jdk.proxy2.$Proxy29.sendKeys(Unknown Source)
	at com.orangehrmlive.demo.utility.Utility.sendTextToElement(Utility.java:74)
	at com.orangehrmlive.demo.Pages.AddUserPage.setEnterTheUserName(AddUserPage.java:81)
	at com.orangehrmlive.demo.steps.UserSteps.enterUsernameUsername(UserSteps.java:124)
	at ✽.Enter Username <username>(file:///C:/Users/rajat/IdeaProjects/orange-hrm-sw-6/src/test/resources/feature/usertest.feature:51)
</textarea>
      
      </div>
              </div>
              <div class="step skip-bg" title="com.orangehrmlive.demo.steps.UserSteps.selectUserRoleUserRole()">
                <span>And Select User Role <userRole></span>
      <div>Step skipped
      </div>
              </div>
              <div class="step skip-bg" title="com.orangehrmlive.demo.steps.UserSteps.enterEmployeeNameEmployeeName()">
                <span>And Enter EmployeeName <employeeName></span>
      <div>Step skipped
      </div>
              </div>
              <div class="step skip-bg" title="com.orangehrmlive.demo.steps.UserSteps.selectSatatusStatus()">
                <span>And Select Satatus <status></span>
      <div>Step skipped
      </div>
              </div>
              <div class="step skip-bg" title="com.orangehrmlive.demo.steps.UserSteps.clickOnButtonVerifyMessage(java.lang.String,java.lang.String)">
                <span>And Click on "Search" Button verify message "(1) Record Found"</span>
      <div>Step skipped
      </div>
              </div>
              <div class="step skip-bg" title="com.orangehrmlive.demo.steps.UserSteps.verifyUsernameUsername()">
                <span>And Verify username <username></span>
      <div>Step skipped
      </div>
              </div>
              <div class="step skip-bg" title="com.orangehrmlive.demo.steps.UserSteps.clickOnResetTab()">
                <span>And Click on Reset Tab</span>
      <div>Step skipped
      </div>
              </div>
              <div class="step pass-bg" title="AFTER">
                <span>com.orangehrmlive.demo.steps.Hooks.tearDown(io.cucumber.java.Scenario)</span>
      <div>searchTheUserAndVerifyTheMessageRecordFound
          <div class="row mb-3"><div class="col-md-3">
<img data-featherlight='../screenshots/embedded6.png' src="../screenshots/embedded6.png">
    
    </div></div>
</div>
      <div>
      </div>
              </div>
          </div>
        </div>
  </div>
</div>
          </div>
        </li>
      </ul>
    </div>
  </div>
<div class="test-content scrollable">
<div class="test-content-tools">
<ul><li><a class="back-to-test" href="#"><i class="fa fa-arrow-left"></i></a></li></ul>
</div>
<div class="test-content-detail"><div class="detail-body"></div></div>
</div></div>
<div class="test-wrapper row view category-view attributes-view">
<div class="test-list">
<div class="test-list-tools">
<ul class="tools pull-left"><li><a href=""><span class="font-size-14">Category</span></a></li></ul>
<ul class="tools text-right"><li><a href="#"><span class="badge badge-primary">4</span></a></li></ul>
</div>
<div class="test-list-wrapper scrollable">
<ul class="test-list-item">
<li class="test-item">
<div class="test-detail">
<span class="meta">
<span class='badge log pass-bg'>1</span>
<span class='badge log badge-danger'>6</span>
</span>
<p class="name">@sanity</p>
<p class="duration text-sm">7 tests</p>
</div>
<div class="test-contents d-none">
<div class="info">
<h4>@sanity</h4>
<span status="pass" class='badge log pass-bg'>1 passed</span>
<span status="fail" class='badge log badge-danger'>6 failed</span>
</div>
<table class='table table-sm mt-4'>
<thead>
<tr>
<th class="status-col">Status</th>
<th class="timestamp-col">Timestamp</th>
<th>TestName</th>
</tr>
</thead>
<tbody>
<tr class="tag-test-status" status="pass">
<td><span class="badge log pass-bg">Pass</span></td>
<td>18:50:09 pm</td>
<td>
<a href="#" class="linked" test-id='1' id='2'>User should login successful</a>
<div class="">
<span class="badge badge-default">Login test.User should login successful</span>
</div>
</td>
</tr>
<tr class="tag-test-status" status="fail">
<td><span class="badge log fail-bg">Fail</span></td>
<td>18:50:15 pm</td>
<td>
<a href="#" class="linked" test-id='1' id='10'>Verify logo is displayed on homepage</a>
<div class="">
<span class="badge badge-default">Login test.Verify logo is displayed on homepage</span>
</div>
</td>
</tr>
<tr class="tag-test-status" status="fail">
<td><span class="badge log fail-bg">Fail</span></td>
<td>18:50:20 pm</td>
<td>
<a href="#" class="linked" test-id='1' id='15'>User should logout successfully</a>
<div class="">
<span class="badge badge-default">Login test.User should logout successfully</span>
</div>
</td>
</tr>
<tr class="tag-test-status" status="fail">
<td><span class="badge log fail-bg">Fail</span></td>
<td>18:50:27 pm</td>
<td>
<a href="#" class="linked" test-id='25' id='26'>adminShouldAddUserSuccessFully</a>
<div class="">
<span class="badge badge-default">User test.adminShouldAddUserSuccessFully</span>
</div>
</td>
</tr>
<tr class="tag-test-status" status="fail">
<td><span class="badge log fail-bg">Fail</span></td>
<td>18:50:55 pm</td>
<td>
<a href="#" class="linked" test-id='25' id='43'>searchTheUserCreatedAndVerifyI</a>
<div class="">
<span class="badge badge-default">User test.searchTheUserCreatedAndVerifyI</span>
</div>
</td>
</tr>
<tr class="tag-test-status" status="fail">
<td><span class="badge log fail-bg">Fail</span></td>
<td>18:51:40 pm</td>
<td>
<a href="#" class="linked" test-id='25' id='51'>verifyThatAdminShouldDeleteTheUserSuccessFully</a>
<div class="">
<span class="badge badge-default">User test.verifyThatAdminShouldDeleteTheUserSuccessFully</span>
</div>
</td>
</tr>
<tr class="tag-test-status" status="fail">
<td><span class="badge log fail-bg">Fail</span></td>
<td>18:52:06 pm</td>
<td>
<a href="#" class="linked" test-id='25' id='67'>searchTheUserAndVerifyTheMessageRecordFound</a>
<div class="">
<span class="badge badge-default">User test.searchTheUserAndVerifyTheMessageRecordFound</span>
</div>
</td>
</tr>
</tbody>
</table>
</div>
</li>
<li class="test-item">
<div class="test-detail">
<span class="meta">
<span class='badge log badge-danger'>1</span>
</span>
<p class="name">@author_max</p>
<p class="duration text-sm">1 tests</p>
</div>
<div class="test-contents d-none">
<div class="info">
<h4>@author_max</h4>
<span status="fail" class='badge log badge-danger'>1 failed</span>
</div>
<table class='table table-sm mt-4'>
<thead>
<tr>
<th class="status-col">Status</th>
<th class="timestamp-col">Timestamp</th>
<th>TestName</th>
</tr>
</thead>
<tbody>
<tr class="tag-test-status" status="fail">
<td><span class="badge log fail-bg">Fail</span></td>
<td>18:50:27 pm</td>
<td>
<a href="#" class="linked" test-id='25' id='26'>adminShouldAddUserSuccessFully</a>
<div class="">
<span class="badge badge-default">User test.adminShouldAddUserSuccessFully</span>
</div>
</td>
</tr>
</tbody>
</table>
</div>
</li>
<li class="test-item">
<div class="test-detail">
<span class="meta">
<span class='badge log pass-bg'>1</span>
<span class='badge log badge-danger'>6</span>
</span>
<p class="name">@regression</p>
<p class="duration text-sm">7 tests</p>
</div>
<div class="test-contents d-none">
<div class="info">
<h4>@regression</h4>
<span status="pass" class='badge log pass-bg'>1 passed</span>
<span status="fail" class='badge log badge-danger'>6 failed</span>
</div>
<table class='table table-sm mt-4'>
<thead>
<tr>
<th class="status-col">Status</th>
<th class="timestamp-col">Timestamp</th>
<th>TestName</th>
</tr>
</thead>
<tbody>
<tr class="tag-test-status" status="pass">
<td><span class="badge log pass-bg">Pass</span></td>
<td>18:50:09 pm</td>
<td>
<a href="#" class="linked" test-id='1' id='2'>User should login successful</a>
<div class="">
<span class="badge badge-default">Login test.User should login successful</span>
</div>
</td>
</tr>
<tr class="tag-test-status" status="fail">
<td><span class="badge log fail-bg">Fail</span></td>
<td>18:50:15 pm</td>
<td>
<a href="#" class="linked" test-id='1' id='10'>Verify logo is displayed on homepage</a>
<div class="">
<span class="badge badge-default">Login test.Verify logo is displayed on homepage</span>
</div>
</td>
</tr>
<tr class="tag-test-status" status="fail">
<td><span class="badge log fail-bg">Fail</span></td>
<td>18:50:20 pm</td>
<td>
<a href="#" class="linked" test-id='1' id='15'>User should logout successfully</a>
<div class="">
<span class="badge badge-default">Login test.User should logout successfully</span>
</div>
</td>
</tr>
<tr class="tag-test-status" status="fail">
<td><span class="badge log fail-bg">Fail</span></td>
<td>18:50:27 pm</td>
<td>
<a href="#" class="linked" test-id='25' id='26'>adminShouldAddUserSuccessFully</a>
<div class="">
<span class="badge badge-default">User test.adminShouldAddUserSuccessFully</span>
</div>
</td>
</tr>
<tr class="tag-test-status" status="fail">
<td><span class="badge log fail-bg">Fail</span></td>
<td>18:50:55 pm</td>
<td>
<a href="#" class="linked" test-id='25' id='43'>searchTheUserCreatedAndVerifyI</a>
<div class="">
<span class="badge badge-default">User test.searchTheUserCreatedAndVerifyI</span>
</div>
</td>
</tr>
<tr class="tag-test-status" status="fail">
<td><span class="badge log fail-bg">Fail</span></td>
<td>18:51:40 pm</td>
<td>
<a href="#" class="linked" test-id='25' id='51'>verifyThatAdminShouldDeleteTheUserSuccessFully</a>
<div class="">
<span class="badge badge-default">User test.verifyThatAdminShouldDeleteTheUserSuccessFully</span>
</div>
</td>
</tr>
<tr class="tag-test-status" status="fail">
<td><span class="badge log fail-bg">Fail</span></td>
<td>18:52:06 pm</td>
<td>
<a href="#" class="linked" test-id='25' id='67'>searchTheUserAndVerifyTheMessageRecordFound</a>
<div class="">
<span class="badge badge-default">User test.searchTheUserAndVerifyTheMessageRecordFound</span>
</div>
</td>
</tr>
</tbody>
</table>
</div>
</li>
<li class="test-item">
<div class="test-detail">
<span class="meta">
<span class='badge log pass-bg'>1</span>
</span>
<p class="name">@author-Max</p>
<p class="duration text-sm">1 tests</p>
</div>
<div class="test-contents d-none">
<div class="info">
<h4>@author-Max</h4>
<span status="pass" class='badge log pass-bg'>1 passed</span>
</div>
<table class='table table-sm mt-4'>
<thead>
<tr>
<th class="status-col">Status</th>
<th class="timestamp-col">Timestamp</th>
<th>TestName</th>
</tr>
</thead>
<tbody>
<tr class="tag-test-status" status="pass">
<td><span class="badge log pass-bg">Pass</span></td>
<td>18:50:09 pm</td>
<td>
<a href="#" class="linked" test-id='1' id='2'>User should login successful</a>
<div class="">
<span class="badge badge-default">Login test.User should login successful</span>
</div>
</td>
</tr>
</tbody>
</table>
</div>
</li>
</ul>
</div>
</div>
<div class="test-content scrollable">
<div class="test-content-detail">
<div class="detail-body"></div>
</div>
</div>
</div><div class="test-wrapper row view exception-view attributes-view">
<div class="test-list">
<div class="test-list-tools">
<ul class="tools pull-left"><li><a href=""><span class="font-size-14">Exception</span></a></li></ul>
<ul class="tools text-right"><li><a href="#"><span class="badge badge-primary">3</span></a></li></ul>
</div>
<div class="test-list-wrapper scrollable">
<ul class="test-list-item">
<li class="test-item">
<div class="test-detail">
<span class="meta">
<span class='badge log badge-danger'>4</span>
</span>
<p class="name">org.openqa.selenium.NoSuchElementException</p>
<p class="duration text-sm">4 tests</p>
</div>
<div class="test-contents d-none">
<div class="info">
<h4>org.openqa.selenium.NoSuchElementException</h4>
<span status="fail" class='badge log badge-danger'>4 failed</span>
</div>
<table class='table table-sm mt-4'>
<thead>
<tr>
<th class="status-col">Status</th>
<th class="timestamp-col">Timestamp</th>
<th>TestName</th>
</tr>
</thead>
<tbody>
<tr class="tag-test-status" status="fail">
<td><span class="badge log fail-bg">Fail</span></td>
<td>18:50:35 pm</td>
<td>
<a href="#" class="linked" test-id='25' id='33'>And Verify "Add User" Text</a>
<div class="">
<span class="badge badge-default">User test.adminShouldAddUserSuccessFully.And Verify "Add User" Text</span>
</div>
</td>
</tr>
<tr class="tag-test-status" status="fail">
<td><span class="badge log fail-bg">Fail</span></td>
<td>18:50:59 pm</td>
<td>
<a href="#" class="linked" test-id='25' id='46'>And Select User Role</a>
<div class="">
<span class="badge badge-default">User test.searchTheUserCreatedAndVerifyI.And Select User Role</span>
</div>
</td>
</tr>
<tr class="tag-test-status" status="fail">
<td><span class="badge log fail-bg">Fail</span></td>
<td>18:51:46 pm</td>
<td>
<a href="#" class="linked" test-id='25' id='56'>And Enter Username</a>
<div class="">
<span class="badge badge-default">User test.verifyThatAdminShouldDeleteTheUserSuccessFully.And Enter Username</span>
</div>
</td>
</tr>
<tr class="tag-test-status" status="fail">
<td><span class="badge log fail-bg">Fail</span></td>
<td>18:52:13 pm</td>
<td>
<a href="#" class="linked" test-id='25' id='72'>And Enter Username <username></a>
<div class="">
<span class="badge badge-default">User test.searchTheUserAndVerifyTheMessageRecordFound.And Enter Username <username></span>
</div>
</td>
</tr>
</tbody>
</table>
</div>
</li>
<li class="test-item">
<div class="test-detail">
<span class="meta">
<span class='badge log badge-danger'>1</span>
</span>
<p class="name">java.lang.ClassCastException</p>
<p class="duration text-sm">1 tests</p>
</div>
<div class="test-contents d-none">
<div class="info">
<h4>java.lang.ClassCastException</h4>
<span status="fail" class='badge log badge-danger'>1 failed</span>
</div>
<table class='table table-sm mt-4'>
<thead>
<tr>
<th class="status-col">Status</th>
<th class="timestamp-col">Timestamp</th>
<th>TestName</th>
</tr>
</thead>
<tbody>
<tr class="tag-test-status" status="fail">
<td><span class="badge log fail-bg">Fail</span></td>
<td>18:50:19 pm</td>
<td>
<a href="#" class="linked" test-id='1' id='13'>Then Verify Logo is Displayed</a>
<div class="">
<span class="badge badge-default">Login test.Verify logo is displayed on homepage.Then Verify Logo is Displayed</span>
</div>
</td>
</tr>
</tbody>
</table>
</div>
</li>
<li class="test-item">
<div class="test-detail">
<span class="meta">
<span class='badge log badge-danger'>1</span>
</span>
<p class="name">java.lang.AssertionError</p>
<p class="duration text-sm">1 tests</p>
</div>
<div class="test-contents d-none">
<div class="info">
<h4>java.lang.AssertionError</h4>
<span status="fail" class='badge log badge-danger'>1 failed</span>
</div>
<table class='table table-sm mt-4'>
<thead>
<tr>
<th class="status-col">Status</th>
<th class="timestamp-col">Timestamp</th>
<th>TestName</th>
</tr>
</thead>
<tbody>
<tr class="tag-test-status" status="fail">
<td><span class="badge log fail-bg">Fail</span></td>
<td>18:50:26 pm</td>
<td>
<a href="#" class="linked" test-id='1' id='23'>And Verify the text "Login" is displayed</a>
<div class="">
<span class="badge badge-default">Login test.User should logout successfully.And Verify the text "Login" is displayed</span>
</div>
</td>
</tr>
</tbody>
</table>
</div>
</li>
</ul>
</div>
</div>
<div class="test-content scrollable">
<div class="test-content-detail">
<div class="detail-body"></div>
</div>
</div>
</div>        </div>
      </div>
    </div>
  </div>
<script src="https://cdn.jsdelivr.net/gh/extent-framework/extent-github-cdn@d6562a79075e061305ccfdb82f01e5e195e2d307/spark/js/spark-script.js"></script>
<script type="text/javascript"></script></body>
</html>